<?xml version="1.0" encoding="UTF-8"?>
<testng-results skipped="0" failed="0" total="2" passed="2">
  <reporter-output>
  </reporter-output>
  <suite name="Default suite" duration-ms="6489" started-at="2015-10-21T05:21:18Z" finished-at="2015-10-21T05:21:25Z">
    <groups>
    </groups>
    <test name="Default test" duration-ms="6489" started-at="2015-10-21T05:21:18Z" finished-at="2015-10-21T05:21:25Z">
      <class name="com.frameworks.tests.pages.HomePageTest">
        <test-method status="PASS" signature="beforeSuite()[pri:0, instance:com.frameworks.tests.pages.HomePageTest@3ac3fd8b]" name="beforeSuite" is-config="true" duration-ms="5318" started-at="2015-10-20T22:21:13Z" finished-at="2015-10-20T22:21:18Z">
          <reporter-output>
          </reporter-output>
        </test-method> <!-- beforeSuite -->
        <test-method status="PASS" signature="beforeClass()[pri:0, instance:com.frameworks.tests.pages.HomePageTest@3ac3fd8b]" name="beforeClass" is-config="true" duration-ms="1085" started-at="2015-10-20T22:21:18Z" finished-at="2015-10-20T22:21:19Z">
          <reporter-output>
          </reporter-output>
        </test-method> <!-- beforeClass -->
        <test-method status="PASS" signature="testSlidesCount()[pri:0, instance:com.frameworks.tests.pages.HomePageTest@3ac3fd8b]" name="testSlidesCount" duration-ms="2428" started-at="2015-10-20T22:21:19Z" finished-at="2015-10-20T22:21:22Z">
          <reporter-output>
          </reporter-output>
        </test-method> <!-- testSlidesCount -->
        <test-method status="PASS" signature="testFBLink()[pri:0, instance:com.frameworks.tests.pages.HomePageTest@3ac3fd8b]" name="testFBLink" duration-ms="2966" started-at="2015-10-20T22:21:22Z" finished-at="2015-10-20T22:21:25Z">
          <reporter-output>
          </reporter-output>
        </test-method> <!-- testFBLink -->
        <test-method status="PASS" signature="afterSuite()[pri:0, instance:com.frameworks.tests.pages.HomePageTest@3ac3fd8b]" name="afterSuite" is-config="true" duration-ms="1142" started-at="2015-10-20T22:21:25Z" finished-at="2015-10-20T22:21:26Z">
          <reporter-output>
          </reporter-output>
        </test-method> <!-- afterSuite -->
      </class> <!-- com.frameworks.tests.pages.HomePageTest -->
    </test> <!-- Default test -->
  </suite> <!-- Default suite -->
</testng-results>
